[main] INFO  com.Login_TestCase  - Lunching Test_Case Started Time...org.testng.TestRunner@645aa696
[main] INFO  com.Login_TestCase  - Test Started...[TestResult name=Verify_Url status=STARTED method=Login_TestCase.Verify_Url()[pri:1, instance:com.Login_TestCase@5abca1e0] output={null}]
[main] INFO  com.Login_TestCase  - Test Successed...[TestResult name=Verify_Url status=SUCCESS method=Login_TestCase.Verify_Url()[pri:1, instance:com.Login_TestCase@5abca1e0] output={null}]
[main] INFO  com.Login_TestCase  - Test Started...[TestResult name=verifyApplicationTitle status=STARTED method=Login_TestCase.verifyApplicationTitle()[pri:2, instance:com.Login_TestCase@5abca1e0] output={null}]
[main] INFO  com.Login_TestCase  - Test Successed...[TestResult name=verifyApplicationTitle status=SUCCESS method=Login_TestCase.verifyApplicationTitle()[pri:2, instance:com.Login_TestCase@5abca1e0] output={null}]
[main] INFO  com.Login_TestCase  - Test Started...[TestResult name=verify_Title status=STARTED method=Login_TestCase.verify_Title()[pri:3, instance:com.Login_TestCase@5abca1e0] output={null}]
[main] INFO  com.Login_TestCase  - Test Successed...[TestResult name=verify_Title status=SUCCESS method=Login_TestCase.verify_Title()[pri:3, instance:com.Login_TestCase@5abca1e0] output={null}]
[main] INFO  com.Login_TestCase  - Test Started...[TestResult name=loginsesion status=STARTED method=Login_TestCase.loginsesion()[pri:4, instance:com.Login_TestCase@5abca1e0] output={null}]
[main] INFO  com.Login_TestCase  - Test Successed...[TestResult name=loginsesion status=SUCCESS method=Login_TestCase.loginsesion()[pri:4, instance:com.Login_TestCase@5abca1e0] output={null}]
[main] INFO  com.Login_TestCase  - Test Started...[TestResult name=Check_PlaceHolder_Username status=STARTED method=Login_TestCase.Check_PlaceHolder_Username()[pri:5, instance:com.Login_TestCase@5abca1e0] output={null}]
[main] INFO  com.Login_TestCase  - Test Successed...[TestResult name=Check_PlaceHolder_Username status=SUCCESS method=Login_TestCase.Check_PlaceHolder_Username()[pri:5, instance:com.Login_TestCase@5abca1e0] output={null}]
[main] INFO  com.Login_TestCase  - Test Started...[TestResult name=Check_PlaceHolder_Password status=STARTED method=Login_TestCase.Check_PlaceHolder_Password()[pri:6, instance:com.Login_TestCase@5abca1e0] output={null}]
[main] INFO  com.Login_TestCase  - Test Successed...[TestResult name=Check_PlaceHolder_Password status=SUCCESS method=Login_TestCase.Check_PlaceHolder_Password()[pri:6, instance:com.Login_TestCase@5abca1e0] output={null}]
[main] INFO  com.Login_TestCase  - Test Started...[TestResult name=check_Button_color status=STARTED method=Login_TestCase.check_Button_color()[pri:7, instance:com.Login_TestCase@5abca1e0] output={null}]
[main] INFO  com.Login_TestCase  - Test Successed...[TestResult name=check_Button_color status=SUCCESS method=Login_TestCase.check_Button_color()[pri:7, instance:com.Login_TestCase@5abca1e0] output={null}]
[main] INFO  com.Login_TestCase  - Test Started...[TestResult name=check_Links status=STARTED method=Login_TestCase.check_Links()[pri:8, instance:com.Login_TestCase@5abca1e0] output={null}]
[main] INFO  com.Login_TestCase  - Test Successed...[TestResult name=check_Links status=SUCCESS method=Login_TestCase.check_Links()[pri:8, instance:com.Login_TestCase@5abca1e0] output={null}]
[main] INFO  com.Login_TestCase  - Test Started...[TestResult name=blank_username_password status=STARTED method=Login_TestCase.blank_username_password()[pri:9, instance:com.Login_TestCase@5abca1e0] output={null}]
[main] INFO  com.Login_TestCase  - Test Successed...[TestResult name=blank_username_password status=SUCCESS method=Login_TestCase.blank_username_password()[pri:9, instance:com.Login_TestCase@5abca1e0] output={null}]
[main] INFO  com.Login_TestCase  - Test Started...[TestResult name=invalidusername_password status=STARTED method=Login_TestCase.invalidusername_password()[pri:10, instance:com.Login_TestCase@5abca1e0] output={null}]
[main] INFO  com.Login_TestCase  - Test Successed...[TestResult name=invalidusername_password status=SUCCESS method=Login_TestCase.invalidusername_password()[pri:10, instance:com.Login_TestCase@5abca1e0] output={null}]
[main] INFO  com.Login_TestCase  - Test Started...[TestResult name=validUsername_Password status=STARTED method=Login_TestCase.validUsername_Password()[pri:11, instance:com.Login_TestCase@5abca1e0] output={null}]
[main] INFO  com.Login_TestCase  - Test Successed...[TestResult name=validUsername_Password status=SUCCESS method=Login_TestCase.validUsername_Password()[pri:11, instance:com.Login_TestCase@5abca1e0] output={null}]
[main] INFO  com.Login_TestCase  - Test Started...[TestResult name=Verify_Url_DashBoard status=STARTED method=Login_TestCase.Verify_Url_DashBoard()[pri:12, instance:com.Login_TestCase@5abca1e0] output={null}]
[main] INFO  com.Login_TestCase  - Test Successed...[TestResult name=Verify_Url_DashBoard status=SUCCESS method=Login_TestCase.Verify_Url_DashBoard()[pri:12, instance:com.Login_TestCase@5abca1e0] output={null}]
[main] INFO  com.Login_TestCase  - Test Started...[TestResult name=verifyApplicationTitle_DashBoard status=STARTED method=Login_TestCase.verifyApplicationTitle_DashBoard()[pri:13, instance:com.Login_TestCase@5abca1e0] output={null}]
[main] INFO  com.Login_TestCase  - Test Successed...[TestResult name=verifyApplicationTitle_DashBoard status=SUCCESS method=Login_TestCase.verifyApplicationTitle_DashBoard()[pri:13, instance:com.Login_TestCase@5abca1e0] output={null}]
[main] INFO  com.Login_TestCase  - Test Started...[TestResult name=heading_Dashboard status=STARTED method=Login_TestCase.heading_Dashboard()[pri:14, instance:com.Login_TestCase@5abca1e0] output={null}]
[main] INFO  com.Login_TestCase  - Test Successed...[TestResult name=heading_Dashboard status=SUCCESS method=Login_TestCase.heading_Dashboard()[pri:14, instance:com.Login_TestCase@5abca1e0] output={null}]
[main] INFO  com.Login_TestCase  - Test Started...[TestResult name=click_OnUser status=STARTED method=Login_TestCase.click_OnUser()[pri:15, instance:com.Login_TestCase@5abca1e0] output={null}]
[main] INFO  com.Login_TestCase  - Test Successed...[TestResult name=click_OnUser status=SUCCESS method=Login_TestCase.click_OnUser()[pri:15, instance:com.Login_TestCase@5abca1e0] output={null}]
[main] INFO  com.Login_TestCase  - Test Started...[TestResult name=getTableData status=STARTED method=Login_TestCase.getTableData()[pri:16, instance:com.Login_TestCase@5abca1e0] output={null}]
[main] INFO  com.Login_TestCase  - Test Successed...[TestResult name=getTableData status=SUCCESS method=Login_TestCase.getTableData()[pri:16, instance:com.Login_TestCase@5abca1e0] output={null}]
[main] INFO  com.Login_TestCase  - Test Started...[TestResult name=Click_On_AddUser_Btn status=STARTED method=Login_TestCase.Click_On_AddUser_Btn()[pri:17, instance:com.Login_TestCase@5abca1e0] output={null}]
[main] INFO  com.Login_TestCase  - Test Successed...[TestResult name=Click_On_AddUser_Btn status=SUCCESS method=Login_TestCase.Click_On_AddUser_Btn()[pri:17, instance:com.Login_TestCase@5abca1e0] output={null}]
[main] INFO  com.Login_TestCase  - Test Started...[TestResult name=Fill_Form status=STARTED method=Login_TestCase.Fill_Form()[pri:18, instance:com.Login_TestCase@5abca1e0] output={null}]
[main] INFO  com.Login_TestCase  - Test Successed...[TestResult name=Fill_Form status=SUCCESS method=Login_TestCase.Fill_Form()[pri:18, instance:com.Login_TestCase@5abca1e0] output={null}]
[main] INFO  com.Login_TestCase  - Test Started...[TestResult name=clickOn_OperatorBtn status=STARTED method=Login_TestCase.clickOn_OperatorBtn()[pri:19, instance:com.Login_TestCase@5abca1e0] output={null}]
[main] INFO  com.Login_TestCase  - Test Successed...[TestResult name=clickOn_OperatorBtn status=SUCCESS method=Login_TestCase.clickOn_OperatorBtn()[pri:19, instance:com.Login_TestCase@5abca1e0] output={null}]
[main] INFO  com.Login_TestCase  - Test Started...[TestResult name=logOutBtn status=STARTED method=Login_TestCase.logOutBtn()[pri:20, instance:com.Login_TestCase@5abca1e0] output={null}]
[main] INFO  com.Login_TestCase  - Test Successed...[TestResult name=logOutBtn status=SUCCESS method=Login_TestCase.logOutBtn()[pri:20, instance:com.Login_TestCase@5abca1e0] output={null}]
[main] INFO  com.Login_TestCase  - Ending Chrome Test_Case Finished Time...org.testng.TestRunner@645aa696
[main] DEBUG freemarker.cache  - Couldn't find template in cache for "Extent.ftl"("en_IN", UTF-8, parsed); will try to load it.
[main] DEBUG freemarker.cache  - TemplateLoader.findTemplateSource("Extent_en_IN.ftl"): Not found
[main] DEBUG freemarker.cache  - TemplateLoader.findTemplateSource("Extent_en.ftl"): Not found
[main] DEBUG freemarker.cache  - TemplateLoader.findTemplateSource("Extent.ftl"): Found
[main] DEBUG freemarker.cache  - Loading template for "Extent.ftl"("en_IN", UTF-8, parsed) from "jar:file:/C:/Users/BS146TU/.m2/repository/com/relevantcodes/extentreports/2.41.2/extentreports-2.41.2.jar!/com/relevantcodes/extentreports/view/Extent.ftl"
[main] INFO  com.Login_TestCase  - Lunching Test_Case Started Time...org.testng.TestRunner@645aa696
[main] INFO  com.Login_TestCase  - Test Started...[TestResult name=Verify_Url status=STARTED method=Login_TestCase.Verify_Url()[pri:1, instance:com.Login_TestCase@5abca1e0] output={null}]
[main] INFO  com.Login_TestCase  - Test Successed...[TestResult name=Verify_Url status=SUCCESS method=Login_TestCase.Verify_Url()[pri:1, instance:com.Login_TestCase@5abca1e0] output={null}]
[main] INFO  com.Login_TestCase  - Test Started...[TestResult name=verifyApplicationTitle status=STARTED method=Login_TestCase.verifyApplicationTitle()[pri:2, instance:com.Login_TestCase@5abca1e0] output={null}]
[main] INFO  com.Login_TestCase  - Test Successed...[TestResult name=verifyApplicationTitle status=SUCCESS method=Login_TestCase.verifyApplicationTitle()[pri:2, instance:com.Login_TestCase@5abca1e0] output={null}]
[main] INFO  com.Login_TestCase  - Test Started...[TestResult name=verify_Title status=STARTED method=Login_TestCase.verify_Title()[pri:3, instance:com.Login_TestCase@5abca1e0] output={null}]
[main] INFO  com.Login_TestCase  - Test Successed...[TestResult name=verify_Title status=SUCCESS method=Login_TestCase.verify_Title()[pri:3, instance:com.Login_TestCase@5abca1e0] output={null}]
[main] INFO  com.Login_TestCase  - Test Started...[TestResult name=loginsesion status=STARTED method=Login_TestCase.loginsesion()[pri:4, instance:com.Login_TestCase@5abca1e0] output={null}]
[main] INFO  com.Login_TestCase  - Test Successed...[TestResult name=loginsesion status=SUCCESS method=Login_TestCase.loginsesion()[pri:4, instance:com.Login_TestCase@5abca1e0] output={null}]
[main] INFO  com.Login_TestCase  - Test Started...[TestResult name=Check_PlaceHolder_Username status=STARTED method=Login_TestCase.Check_PlaceHolder_Username()[pri:5, instance:com.Login_TestCase@5abca1e0] output={null}]
[main] INFO  com.Login_TestCase  - Test Successed...[TestResult name=Check_PlaceHolder_Username status=SUCCESS method=Login_TestCase.Check_PlaceHolder_Username()[pri:5, instance:com.Login_TestCase@5abca1e0] output={null}]
[main] INFO  com.Login_TestCase  - Test Started...[TestResult name=Check_PlaceHolder_Password status=STARTED method=Login_TestCase.Check_PlaceHolder_Password()[pri:6, instance:com.Login_TestCase@5abca1e0] output={null}]
[main] INFO  com.Login_TestCase  - Test Successed...[TestResult name=Check_PlaceHolder_Password status=SUCCESS method=Login_TestCase.Check_PlaceHolder_Password()[pri:6, instance:com.Login_TestCase@5abca1e0] output={null}]
[main] INFO  com.Login_TestCase  - Test Started...[TestResult name=check_Button_color status=STARTED method=Login_TestCase.check_Button_color()[pri:7, instance:com.Login_TestCase@5abca1e0] output={null}]
[main] INFO  com.Login_TestCase  - Test Successed...[TestResult name=check_Button_color status=SUCCESS method=Login_TestCase.check_Button_color()[pri:7, instance:com.Login_TestCase@5abca1e0] output={null}]
[main] INFO  com.Login_TestCase  - Test Started...[TestResult name=check_Links status=STARTED method=Login_TestCase.check_Links()[pri:8, instance:com.Login_TestCase@5abca1e0] output={null}]
[main] INFO  com.Login_TestCase  - Test Successed...[TestResult name=check_Links status=SUCCESS method=Login_TestCase.check_Links()[pri:8, instance:com.Login_TestCase@5abca1e0] output={null}]
[main] INFO  com.Login_TestCase  - Test Started...[TestResult name=blank_username_password status=STARTED method=Login_TestCase.blank_username_password()[pri:9, instance:com.Login_TestCase@5abca1e0] output={null}]
[main] INFO  com.Login_TestCase  - Test Successed...[TestResult name=blank_username_password status=SUCCESS method=Login_TestCase.blank_username_password()[pri:9, instance:com.Login_TestCase@5abca1e0] output={null}]
[main] INFO  com.Login_TestCase  - Test Started...[TestResult name=invalidusername_password status=STARTED method=Login_TestCase.invalidusername_password()[pri:10, instance:com.Login_TestCase@5abca1e0] output={null}]
[main] INFO  com.Login_TestCase  - Test Successed...[TestResult name=invalidusername_password status=SUCCESS method=Login_TestCase.invalidusername_password()[pri:10, instance:com.Login_TestCase@5abca1e0] output={null}]
[main] INFO  com.Login_TestCase  - Test Started...[TestResult name=validUsername_Password status=STARTED method=Login_TestCase.validUsername_Password()[pri:11, instance:com.Login_TestCase@5abca1e0] output={null}]
[main] INFO  com.Login_TestCase  - Test Successed...[TestResult name=validUsername_Password status=SUCCESS method=Login_TestCase.validUsername_Password()[pri:11, instance:com.Login_TestCase@5abca1e0] output={null}]
[main] INFO  com.Login_TestCase  - Test Started...[TestResult name=Verify_Url_DashBoard status=STARTED method=Login_TestCase.Verify_Url_DashBoard()[pri:12, instance:com.Login_TestCase@5abca1e0] output={null}]
[main] INFO  com.Login_TestCase  - Test Successed...[TestResult name=Verify_Url_DashBoard status=SUCCESS method=Login_TestCase.Verify_Url_DashBoard()[pri:12, instance:com.Login_TestCase@5abca1e0] output={null}]
[main] INFO  com.Login_TestCase  - Test Started...[TestResult name=verifyApplicationTitle_DashBoard status=STARTED method=Login_TestCase.verifyApplicationTitle_DashBoard()[pri:13, instance:com.Login_TestCase@5abca1e0] output={null}]
[main] INFO  com.Login_TestCase  - Test Successed...[TestResult name=verifyApplicationTitle_DashBoard status=SUCCESS method=Login_TestCase.verifyApplicationTitle_DashBoard()[pri:13, instance:com.Login_TestCase@5abca1e0] output={null}]
[main] INFO  com.Login_TestCase  - Test Started...[TestResult name=heading_Dashboard status=STARTED method=Login_TestCase.heading_Dashboard()[pri:14, instance:com.Login_TestCase@5abca1e0] output={null}]
[main] INFO  com.Login_TestCase  - Test Failed...[TestResult name=heading_Dashboard status=FAILURE method=Login_TestCase.heading_Dashboard()[pri:14, instance:com.Login_TestCase@5abca1e0] output={null}]
[main] INFO  com.Login_TestCase  - Test Started...[TestResult name=click_OnUser status=STARTED method=Login_TestCase.click_OnUser()[pri:15, instance:com.Login_TestCase@5abca1e0] output={null}]
[main] INFO  com.Login_TestCase  - Test Successed...[TestResult name=click_OnUser status=SUCCESS method=Login_TestCase.click_OnUser()[pri:15, instance:com.Login_TestCase@5abca1e0] output={null}]
[main] INFO  com.Login_TestCase  - Test Started...[TestResult name=getTableData status=STARTED method=Login_TestCase.getTableData()[pri:16, instance:com.Login_TestCase@5abca1e0] output={null}]
[main] INFO  com.Login_TestCase  - Test Successed...[TestResult name=getTableData status=SUCCESS method=Login_TestCase.getTableData()[pri:16, instance:com.Login_TestCase@5abca1e0] output={null}]
[main] INFO  com.Login_TestCase  - Test Started...[TestResult name=Click_On_AddUser_Btn status=STARTED method=Login_TestCase.Click_On_AddUser_Btn()[pri:17, instance:com.Login_TestCase@5abca1e0] output={null}]
[main] INFO  com.Login_TestCase  - Test Successed...[TestResult name=Click_On_AddUser_Btn status=SUCCESS method=Login_TestCase.Click_On_AddUser_Btn()[pri:17, instance:com.Login_TestCase@5abca1e0] output={null}]
[main] INFO  com.Login_TestCase  - Test Started...[TestResult name=Fill_Form status=STARTED method=Login_TestCase.Fill_Form()[pri:18, instance:com.Login_TestCase@5abca1e0] output={null}]
[main] INFO  com.Login_TestCase  - Test Successed...[TestResult name=Fill_Form status=SUCCESS method=Login_TestCase.Fill_Form()[pri:18, instance:com.Login_TestCase@5abca1e0] output={null}]
[main] INFO  com.Login_TestCase  - Test Started...[TestResult name=clickOn_OperatorBtn status=STARTED method=Login_TestCase.clickOn_OperatorBtn()[pri:19, instance:com.Login_TestCase@5abca1e0] output={null}]
[main] INFO  com.Login_TestCase  - Test Successed...[TestResult name=clickOn_OperatorBtn status=SUCCESS method=Login_TestCase.clickOn_OperatorBtn()[pri:19, instance:com.Login_TestCase@5abca1e0] output={null}]
[main] INFO  com.Login_TestCase  - Test Started...[TestResult name=logOutBtn status=STARTED method=Login_TestCase.logOutBtn()[pri:20, instance:com.Login_TestCase@5abca1e0] output={null}]
[main] INFO  com.Login_TestCase  - Test Successed...[TestResult name=logOutBtn status=SUCCESS method=Login_TestCase.logOutBtn()[pri:20, instance:com.Login_TestCase@5abca1e0] output={null}]
[main] INFO  com.Login_TestCase  - Ending Chrome Test_Case Finished Time...org.testng.TestRunner@645aa696
[main] DEBUG freemarker.cache  - Couldn't find template in cache for "Extent.ftl"("en_IN", UTF-8, parsed); will try to load it.
[main] DEBUG freemarker.cache  - TemplateLoader.findTemplateSource("Extent_en_IN.ftl"): Not found
[main] DEBUG freemarker.cache  - TemplateLoader.findTemplateSource("Extent_en.ftl"): Not found
[main] DEBUG freemarker.cache  - TemplateLoader.findTemplateSource("Extent.ftl"): Found
[main] DEBUG freemarker.cache  - Loading template for "Extent.ftl"("en_IN", UTF-8, parsed) from "jar:file:/C:/Users/BS146TU/.m2/repository/com/relevantcodes/extentreports/2.41.2/extentreports-2.41.2.jar!/com/relevantcodes/extentreports/view/Extent.ftl"
[main] INFO  com.Login_TestCase  - Lunching Test_Case Started Time...org.testng.TestRunner@645aa696
[main] INFO  com.Login_TestCase  - Test Started...[TestResult name=Verify_Url status=STARTED method=Login_TestCase.Verify_Url()[pri:1, instance:com.Login_TestCase@5abca1e0] output={null}]
[main] INFO  com.Login_TestCase  - Test Successed...[TestResult name=Verify_Url status=SUCCESS method=Login_TestCase.Verify_Url()[pri:1, instance:com.Login_TestCase@5abca1e0] output={null}]
[main] INFO  com.Login_TestCase  - Test Started...[TestResult name=verifyApplicationTitle status=STARTED method=Login_TestCase.verifyApplicationTitle()[pri:2, instance:com.Login_TestCase@5abca1e0] output={null}]
[main] INFO  com.Login_TestCase  - Test Successed...[TestResult name=verifyApplicationTitle status=SUCCESS method=Login_TestCase.verifyApplicationTitle()[pri:2, instance:com.Login_TestCase@5abca1e0] output={null}]
[main] INFO  com.Login_TestCase  - Test Started...[TestResult name=verify_Title status=STARTED method=Login_TestCase.verify_Title()[pri:3, instance:com.Login_TestCase@5abca1e0] output={null}]
[main] INFO  com.Login_TestCase  - Test Successed...[TestResult name=verify_Title status=SUCCESS method=Login_TestCase.verify_Title()[pri:3, instance:com.Login_TestCase@5abca1e0] output={null}]
[main] INFO  com.Login_TestCase  - Test Started...[TestResult name=loginsesion status=STARTED method=Login_TestCase.loginsesion()[pri:4, instance:com.Login_TestCase@5abca1e0] output={null}]
[main] INFO  com.Login_TestCase  - Test Successed...[TestResult name=loginsesion status=SUCCESS method=Login_TestCase.loginsesion()[pri:4, instance:com.Login_TestCase@5abca1e0] output={null}]
[main] INFO  com.Login_TestCase  - Test Started...[TestResult name=Check_PlaceHolder_Username status=STARTED method=Login_TestCase.Check_PlaceHolder_Username()[pri:5, instance:com.Login_TestCase@5abca1e0] output={null}]
[main] INFO  com.Login_TestCase  - Test Successed...[TestResult name=Check_PlaceHolder_Username status=SUCCESS method=Login_TestCase.Check_PlaceHolder_Username()[pri:5, instance:com.Login_TestCase@5abca1e0] output={null}]
[main] INFO  com.Login_TestCase  - Test Started...[TestResult name=Check_PlaceHolder_Password status=STARTED method=Login_TestCase.Check_PlaceHolder_Password()[pri:6, instance:com.Login_TestCase@5abca1e0] output={null}]
[main] INFO  com.Login_TestCase  - Test Successed...[TestResult name=Check_PlaceHolder_Password status=SUCCESS method=Login_TestCase.Check_PlaceHolder_Password()[pri:6, instance:com.Login_TestCase@5abca1e0] output={null}]
[main] INFO  com.Login_TestCase  - Test Started...[TestResult name=check_Button_color status=STARTED method=Login_TestCase.check_Button_color()[pri:7, instance:com.Login_TestCase@5abca1e0] output={null}]
[main] INFO  com.Login_TestCase  - Test Successed...[TestResult name=check_Button_color status=SUCCESS method=Login_TestCase.check_Button_color()[pri:7, instance:com.Login_TestCase@5abca1e0] output={null}]
[main] INFO  com.Login_TestCase  - Test Started...[TestResult name=check_Links status=STARTED method=Login_TestCase.check_Links()[pri:8, instance:com.Login_TestCase@5abca1e0] output={null}]
[main] INFO  com.Login_TestCase  - Test Successed...[TestResult name=check_Links status=SUCCESS method=Login_TestCase.check_Links()[pri:8, instance:com.Login_TestCase@5abca1e0] output={null}]
[main] INFO  com.Login_TestCase  - Test Started...[TestResult name=blank_username_password status=STARTED method=Login_TestCase.blank_username_password()[pri:9, instance:com.Login_TestCase@5abca1e0] output={null}]
[main] INFO  com.Login_TestCase  - Test Successed...[TestResult name=blank_username_password status=SUCCESS method=Login_TestCase.blank_username_password()[pri:9, instance:com.Login_TestCase@5abca1e0] output={null}]
[main] INFO  com.Login_TestCase  - Test Started...[TestResult name=invalidusername_password status=STARTED method=Login_TestCase.invalidusername_password()[pri:10, instance:com.Login_TestCase@5abca1e0] output={null}]
[main] INFO  com.Login_TestCase  - Test Successed...[TestResult name=invalidusername_password status=SUCCESS method=Login_TestCase.invalidusername_password()[pri:10, instance:com.Login_TestCase@5abca1e0] output={null}]
[main] INFO  com.Login_TestCase  - Test Started...[TestResult name=validUsername_Password status=STARTED method=Login_TestCase.validUsername_Password()[pri:11, instance:com.Login_TestCase@5abca1e0] output={null}]
[main] INFO  com.Login_TestCase  - Test Successed...[TestResult name=validUsername_Password status=SUCCESS method=Login_TestCase.validUsername_Password()[pri:11, instance:com.Login_TestCase@5abca1e0] output={null}]
[main] INFO  com.Login_TestCase  - Test Started...[TestResult name=Verify_Url_DashBoard status=STARTED method=Login_TestCase.Verify_Url_DashBoard()[pri:12, instance:com.Login_TestCase@5abca1e0] output={null}]
[main] INFO  com.Login_TestCase  - Test Successed...[TestResult name=Verify_Url_DashBoard status=SUCCESS method=Login_TestCase.Verify_Url_DashBoard()[pri:12, instance:com.Login_TestCase@5abca1e0] output={null}]
[main] INFO  com.Login_TestCase  - Test Started...[TestResult name=verifyApplicationTitle_DashBoard status=STARTED method=Login_TestCase.verifyApplicationTitle_DashBoard()[pri:13, instance:com.Login_TestCase@5abca1e0] output={null}]
[main] INFO  com.Login_TestCase  - Test Successed...[TestResult name=verifyApplicationTitle_DashBoard status=SUCCESS method=Login_TestCase.verifyApplicationTitle_DashBoard()[pri:13, instance:com.Login_TestCase@5abca1e0] output={null}]
[main] INFO  com.Login_TestCase  - Test Started...[TestResult name=heading_Dashboard status=STARTED method=Login_TestCase.heading_Dashboard()[pri:14, instance:com.Login_TestCase@5abca1e0] output={null}]
[main] INFO  com.Login_TestCase  - Test Failed...[TestResult name=heading_Dashboard status=FAILURE method=Login_TestCase.heading_Dashboard()[pri:14, instance:com.Login_TestCase@5abca1e0] output={null}]
[main] INFO  com.Login_TestCase  - Test Started...[TestResult name=click_OnUser status=STARTED method=Login_TestCase.click_OnUser()[pri:15, instance:com.Login_TestCase@5abca1e0] output={null}]
[main] INFO  com.Login_TestCase  - Test Successed...[TestResult name=click_OnUser status=SUCCESS method=Login_TestCase.click_OnUser()[pri:15, instance:com.Login_TestCase@5abca1e0] output={null}]
[main] INFO  com.Login_TestCase  - Test Started...[TestResult name=getTableData status=STARTED method=Login_TestCase.getTableData()[pri:16, instance:com.Login_TestCase@5abca1e0] output={null}]
[main] INFO  com.Login_TestCase  - Test Successed...[TestResult name=getTableData status=SUCCESS method=Login_TestCase.getTableData()[pri:16, instance:com.Login_TestCase@5abca1e0] output={null}]
[main] INFO  com.Login_TestCase  - Test Started...[TestResult name=Click_On_AddUser_Btn status=STARTED method=Login_TestCase.Click_On_AddUser_Btn()[pri:17, instance:com.Login_TestCase@5abca1e0] output={null}]
[main] INFO  com.Login_TestCase  - Test Successed...[TestResult name=Click_On_AddUser_Btn status=SUCCESS method=Login_TestCase.Click_On_AddUser_Btn()[pri:17, instance:com.Login_TestCase@5abca1e0] output={null}]
[main] INFO  com.Login_TestCase  - Test Started...[TestResult name=Fill_Form status=STARTED method=Login_TestCase.Fill_Form()[pri:18, instance:com.Login_TestCase@5abca1e0] output={null}]
[main] INFO  com.Login_TestCase  - Test Successed...[TestResult name=Fill_Form status=SUCCESS method=Login_TestCase.Fill_Form()[pri:18, instance:com.Login_TestCase@5abca1e0] output={null}]
[main] INFO  com.Login_TestCase  - Test Started...[TestResult name=clickOn_OperatorBtn status=STARTED method=Login_TestCase.clickOn_OperatorBtn()[pri:19, instance:com.Login_TestCase@5abca1e0] output={null}]
[main] INFO  com.Login_TestCase  - Test Successed...[TestResult name=clickOn_OperatorBtn status=SUCCESS method=Login_TestCase.clickOn_OperatorBtn()[pri:19, instance:com.Login_TestCase@5abca1e0] output={null}]
[main] INFO  com.Login_TestCase  - Test Started...[TestResult name=logOutBtn status=STARTED method=Login_TestCase.logOutBtn()[pri:20, instance:com.Login_TestCase@5abca1e0] output={null}]
[main] INFO  com.Login_TestCase  - Test Successed...[TestResult name=logOutBtn status=SUCCESS method=Login_TestCase.logOutBtn()[pri:20, instance:com.Login_TestCase@5abca1e0] output={null}]
[main] INFO  com.Login_TestCase  - Ending Chrome Test_Case Finished Time...org.testng.TestRunner@645aa696
[main] DEBUG freemarker.cache  - Couldn't find template in cache for "Extent.ftl"("en_IN", UTF-8, parsed); will try to load it.
[main] DEBUG freemarker.cache  - TemplateLoader.findTemplateSource("Extent_en_IN.ftl"): Not found
[main] DEBUG freemarker.cache  - TemplateLoader.findTemplateSource("Extent_en.ftl"): Not found
[main] DEBUG freemarker.cache  - TemplateLoader.findTemplateSource("Extent.ftl"): Found
[main] DEBUG freemarker.cache  - Loading template for "Extent.ftl"("en_IN", UTF-8, parsed) from "jar:file:/C:/Users/BS146TU/.m2/repository/com/relevantcodes/extentreports/2.41.2/extentreports-2.41.2.jar!/com/relevantcodes/extentreports/view/Extent.ftl"
