<?xml version="1.0" encoding="UTF-8"?>
<!-- Generated by org.testng.reporters.JUnitXMLReporter -->
<testsuite hostname="LAPTOP-5E3MODR9" ignored="0" name="Test" tests="20" failures="1" timestamp="2019-12-27T16:56:05 IST" time="84.854" errors="0">
  <testcase name="Verify_Url" time="0.091" classname="com.Login_TestCase"/>
  <testcase name="verifyApplicationTitle" time="0.0" classname="com.Login_TestCase"/>
  <testcase name="verify_Title" time="1.328" classname="com.Login_TestCase"/>
  <testcase name="loginsesion" time="0.018" classname="com.Login_TestCase"/>
  <testcase name="Check_PlaceHolder_Username" time="0.109" classname="com.Login_TestCase"/>
  <testcase name="Check_PlaceHolder_Password" time="0.094" classname="com.Login_TestCase"/>
  <testcase name="check_Button_color" time="0.815" classname="com.Login_TestCase"/>
  <testcase name="check_Links" time="0.158" classname="com.Login_TestCase"/>
  <testcase name="blank_username_password" time="1.223" classname="com.Login_TestCase"/>
  <testcase name="invalidusername_password" time="5.801" classname="com.Login_TestCase"/>
  <testcase name="validUsername_Password" time="21.524" classname="com.Login_TestCase"/>
  <testcase name="Verify_Url_DashBoard" time="0.163" classname="com.Login_TestCase"/>
  <testcase name="verifyApplicationTitle_DashBoard" time="0.011" classname="com.Login_TestCase"/>
  <testcase name="heading_Dashboard" time="5.196" classname="com.Login_TestCase">
    <failure type="org.openqa.selenium.NoSuchElementException" message="no such element: Unable to locate element: {&amp;quot;method&amp;quot;:&amp;quot;xpath&amp;quot;,&amp;quot;selector&amp;quot;:&amp;quot;//h1[contains(text(),&amp;apos;Dashboard1&amp;apos;)]&amp;quot;}
  (Session info: chrome=79.0.3945.88)
For documentation on this error, please visit: https://www.seleniumhq.org/exceptions/no_such_element.html
Build info: version: &amp;apos;3.141.59&amp;apos;, revision: &amp;apos;e82be7d358&amp;apos;, time: &amp;apos;2018-11-14T08:17:03&amp;apos;
System info: host: &amp;apos;LAPTOP-5E3MODR9&amp;apos;, ip: &amp;apos;192.168.0.119&amp;apos;, os.name: &amp;apos;Windows 10&amp;apos;, os.arch: &amp;apos;amd64&amp;apos;, os.version: &amp;apos;10.0&amp;apos;, java.version: &amp;apos;1.8.0_152&amp;apos;
Driver info: org.openqa.selenium.chrome.ChromeDriver
Capabilities {acceptInsecureCerts: false, browserName: chrome, browserVersion: 79.0.3945.88, chrome: {chromedriverVersion: 79.0.3945.36 (3582db32b3389..., userDataDir: C:\Users\BS146TU\AppData\Lo...}, goog:chromeOptions: {debuggerAddress: localhost:53443}, javascriptEnabled: true, networkConnectionEnabled: false, pageLoadStrategy: normal, platform: WINDOWS, platformName: WINDOWS, proxy: Proxy(), setWindowRect: true, strictFileInteractability: false, timeouts: {implicit: 0, pageLoad: 300000, script: 30000}, unhandledPromptBehavior: dismiss and notify}
Session ID: 9d3f9e529d3112af318dded500bd0df3
*** Element info: {Using=xpath, value=//h1[contains(text(),&amp;apos;Dashboard1&amp;apos;)]}">
      <![CDATA[org.openqa.selenium.NoSuchElementException: no such element: Unable to locate element: {"method":"xpath","selector":"//h1[contains(text(),'Dashboard1')]"}
  (Session info: chrome=79.0.3945.88)
For documentation on this error, please visit: https://www.seleniumhq.org/exceptions/no_such_element.html
Build info: version: '3.141.59', revision: 'e82be7d358', time: '2018-11-14T08:17:03'
System info: host: 'LAPTOP-5E3MODR9', ip: '192.168.0.119', os.name: 'Windows 10', os.arch: 'amd64', os.version: '10.0', java.version: '1.8.0_152'
Driver info: org.openqa.selenium.chrome.ChromeDriver
Capabilities {acceptInsecureCerts: false, browserName: chrome, browserVersion: 79.0.3945.88, chrome: {chromedriverVersion: 79.0.3945.36 (3582db32b3389..., userDataDir: C:\Users\BS146TU\AppData\Lo...}, goog:chromeOptions: {debuggerAddress: localhost:53443}, javascriptEnabled: true, networkConnectionEnabled: false, pageLoadStrategy: normal, platform: WINDOWS, platformName: WINDOWS, proxy: Proxy(), setWindowRect: true, strictFileInteractability: false, timeouts: {implicit: 0, pageLoad: 300000, script: 30000}, unhandledPromptBehavior: dismiss and notify}
Session ID: 9d3f9e529d3112af318dded500bd0df3
*** Element info: {Using=xpath, value=//h1[contains(text(),'Dashboard1')]}
at org.openqa.selenium.remote.http.W3CHttpResponseCodec.createException(W3CHttpResponseCodec.java:187)
at org.openqa.selenium.remote.http.W3CHttpResponseCodec.decode(W3CHttpResponseCodec.java:122)
at org.openqa.selenium.remote.http.W3CHttpResponseCodec.decode(W3CHttpResponseCodec.java:49)
at org.openqa.selenium.remote.HttpCommandExecutor.execute(HttpCommandExecutor.java:158)
at org.openqa.selenium.remote.service.DriverCommandExecutor.execute(DriverCommandExecutor.java:83)
at org.openqa.selenium.remote.RemoteWebDriver.execute(RemoteWebDriver.java:552)
at org.openqa.selenium.remote.RemoteWebDriver.findElement(RemoteWebDriver.java:323)
at org.openqa.selenium.remote.RemoteWebDriver.findElementByXPath(RemoteWebDriver.java:428)
at org.openqa.selenium.By$ByXPath.findElement(By.java:353)
at org.openqa.selenium.remote.RemoteWebDriver.findElement(RemoteWebDriver.java:315)
at com.Login_TestCase.heading_Dashboard(Login_TestCase.java:230)
at java.util.ArrayList.forEach(ArrayList.java:1257)
... Removed 34 stack frames]]>
    </failure>
  </testcase> <!-- heading_Dashboard -->
  <testcase name="click_OnUser" time="3.524" classname="com.Login_TestCase"/>
  <testcase name="getTableData" time="7.625" classname="com.Login_TestCase"/>
  <testcase name="Click_On_AddUser_Btn" time="2.549" classname="com.Login_TestCase"/>
  <testcase name="Fill_Form" time="14.389" classname="com.Login_TestCase"/>
  <testcase name="clickOn_OperatorBtn" time="10.631" classname="com.Login_TestCase"/>
  <testcase name="logOutBtn" time="0.775" classname="com.Login_TestCase"/>
</testsuite> <!-- Test -->
