<?xml version="1.0" encoding="UTF-8"?>
<testsuite xmlns:xsi="http://www.w3.org/2001/XMLSchema-instance" xsi:schemaLocation="https://maven.apache.org/surefire/maven-surefire-plugin/xsd/surefire-test-report.xsd" name="TestSuite" time="118.649" tests="20" errors="0" skipped="0" failures="1">
  <properties>
    <property name="java.runtime.name" value="Java(TM) SE Runtime Environment"/>
    <property name="sun.boot.library.path" value="C:\Program Files\java\jdk1.8.0_152\jre\bin"/>
    <property name="java.vm.version" value="25.152-b16"/>
    <property name="java.vm.vendor" value="Oracle Corporation"/>
    <property name="maven.multiModuleProjectDirectory" value="F:\FULL TIME\Selenium Task\MavenTestNG"/>
    <property name="java.vendor.url" value="http://java.oracle.com/"/>
    <property name="path.separator" value=";"/>
    <property name="guice.disable.misplaced.annotation.check" value="true"/>
    <property name="java.vm.name" value="Java HotSpot(TM) 64-Bit Server VM"/>
    <property name="file.encoding.pkg" value="sun.io"/>
    <property name="user.script" value=""/>
    <property name="user.country" value="IN"/>
    <property name="sun.java.launcher" value="SUN_STANDARD"/>
    <property name="sun.os.patch.level" value=""/>
    <property name="java.vm.specification.name" value="Java Virtual Machine Specification"/>
    <property name="user.dir" value="F:\FULL TIME\Selenium Task\MavenTestNG"/>
    <property name="java.runtime.version" value="1.8.0_152-b16"/>
    <property name="java.awt.graphicsenv" value="sun.awt.Win32GraphicsEnvironment"/>
    <property name="java.endorsed.dirs" value="C:\Program Files\java\jdk1.8.0_152\jre\lib\endorsed"/>
    <property name="os.arch" value="amd64"/>
    <property name="java.io.tmpdir" value="C:\Users\BS146TU\AppData\Local\Temp\"/>
    <property name="line.separator" value="&#10;"/>
    <property name="java.vm.specification.vendor" value="Oracle Corporation"/>
    <property name="user.variant" value=""/>
    <property name="os.name" value="Windows 10"/>
    <property name="classworlds.conf" value="F:\FULL TIME\Selenium Task\.metadata\.plugins\org.eclipse.m2e.launching\launches\m2conf210732624599443079.tmp"/>
    <property name="sun.jnu.encoding" value="Cp1252"/>
    <property name="java.library.path" value="C:\Program Files\java\jdk1.8.0_152\bin;C:\WINDOWS\Sun\Java\bin;C:\WINDOWS\system32;C:\WINDOWS;C:/Program Files/java/jdk1.8.0_152/bin/../jre/bin/server;C:/Program Files/java/jdk1.8.0_152/bin/../jre/bin;C:/Program Files/java/jdk1.8.0_152/bin/../jre/lib/amd64;&quot;C:\Program Files (x86)\Common Files\Oracle\Java\javapath;C:\Program Files\java\jdk1.8.0_152\bin&quot;;C:\Program Files (x86)\Intel\iCLS Client\;C:\Program Files\Intel\iCLS Client\;C:\WINDOWS\system32;C:\WINDOWS;C:\WINDOWS\System32\Wbem;&quot;C:\WINDOWS\System32\WindowsPowerShell\v1.0\;C:\Program Files (x86)\Intel\Intel(R) Management Engine Components\DAL;C:\Program Files\Intel\Intel(R) Management Engine Components\DAL;C:\Program Files (x86)\Intel\Intel(R) Management Engine Components\IPT;C:\Program Files\Intel\Intel(R) Management Engine Components\IPT;C:\Program Files\MySQL\MySQL Server 5.5\bin;C:\WINDOWS\System32\WindowsPowerShell\v1.0\;C:\WINDOWS\System32\OpenSSH\&quot;;C:\Program Files\java\jdk1.8.0_152\bin;C:\WINDOWS\System32\OpenSSH\;F:\Git\cmd;C:\Users\BS146TU\AppData\Local\Programs\Python\Python36\Scripts\;C:\Users\BS146TU\AppData\Local\Programs\Python\Python36\;C:\Program Files\java\jdk1.8.0_152\bin;%USERPROFILE%\AppData\Local\Microsoft\WindowsApps;;C:\WINDOWS\System32;;."/>
    <property name="java.specification.name" value="Java Platform API Specification"/>
    <property name="java.class.version" value="52.0"/>
    <property name="sun.management.compiler" value="HotSpot 64-Bit Tiered Compilers"/>
    <property name="os.version" value="10.0"/>
    <property name="user.home" value="C:\Users\BS146TU"/>
    <property name="user.timezone" value="Asia/Calcutta"/>
    <property name="java.awt.printerjob" value="sun.awt.windows.WPrinterJob"/>
    <property name="java.specification.version" value="1.8"/>
    <property name="file.encoding" value="UTF-8"/>
    <property name="user.name" value="sonu"/>
    <property name="java.class.path" value="C:\Users\BS146TU\.p2\pool\plugins\org.eclipse.m2e.maven.runtime_1.8.2.20171007-0216\jars\plexus-classworlds-2.5.2.jar"/>
    <property name="java.vm.specification.version" value="1.8"/>
    <property name="sun.arch.data.model" value="64"/>
    <property name="java.home" value="C:\Program Files\java\jdk1.8.0_152\jre"/>
    <property name="sun.java.command" value="org.codehaus.plexus.classworlds.launcher.Launcher -B test"/>
    <property name="java.specification.vendor" value="Oracle Corporation"/>
    <property name="user.language" value="en"/>
    <property name="awt.toolkit" value="sun.awt.windows.WToolkit"/>
    <property name="java.vm.info" value="mixed mode"/>
    <property name="java.version" value="1.8.0_152"/>
    <property name="java.ext.dirs" value="C:\Program Files\java\jdk1.8.0_152\jre\lib\ext;C:\WINDOWS\Sun\Java\lib\ext"/>
    <property name="sun.boot.class.path" value="C:\Program Files\java\jdk1.8.0_152\jre\lib\resources.jar;C:\Program Files\java\jdk1.8.0_152\jre\lib\rt.jar;C:\Program Files\java\jdk1.8.0_152\jre\lib\sunrsasign.jar;C:\Program Files\java\jdk1.8.0_152\jre\lib\jsse.jar;C:\Program Files\java\jdk1.8.0_152\jre\lib\jce.jar;C:\Program Files\java\jdk1.8.0_152\jre\lib\charsets.jar;C:\Program Files\java\jdk1.8.0_152\jre\lib\jfr.jar;C:\Program Files\java\jdk1.8.0_152\jre\classes"/>
    <property name="java.vendor" value="Oracle Corporation"/>
    <property name="maven.home" value="F:\FULL TIME\Selenium Task\MavenTestNG\EMBEDDED"/>
    <property name="file.separator" value="\"/>
    <property name="java.vendor.url.bug" value="http://bugreport.sun.com/bugreport/"/>
    <property name="sun.cpu.endian" value="little"/>
    <property name="sun.io.unicode.encoding" value="UnicodeLittle"/>
    <property name="sun.desktop" value="windows"/>
    <property name="sun.cpu.isalist" value="amd64"/>
  </properties>
  <testcase name="Verify_Url" classname="com.Login_TestCase" time="0.094"/>
  <testcase name="verifyApplicationTitle" classname="com.Login_TestCase" time="0"/>
  <testcase name="verify_Title" classname="com.Login_TestCase" time="1.332"/>
  <testcase name="loginsesion" classname="com.Login_TestCase" time="0.018"/>
  <testcase name="Check_PlaceHolder_Username" classname="com.Login_TestCase" time="0.109"/>
  <testcase name="Check_PlaceHolder_Password" classname="com.Login_TestCase" time="0.078"/>
  <testcase name="check_Button_color" classname="com.Login_TestCase" time="0.825"/>
  <testcase name="check_Links" classname="com.Login_TestCase" time="0.158"/>
  <testcase name="blank_username_password" classname="com.Login_TestCase" time="1.208"/>
  <testcase name="invalidusername_password" classname="com.Login_TestCase" time="5.801"/>
  <testcase name="validUsername_Password" classname="com.Login_TestCase" time="21.525"/>
  <testcase name="Verify_Url_DashBoard" classname="com.Login_TestCase" time="0.164"/>
  <testcase name="verifyApplicationTitle_DashBoard" classname="com.Login_TestCase" time="0.009"/>
  <testcase name="heading_Dashboard" classname="com.Login_TestCase" time="6.529">
    <failure message="no such element: Unable to locate element: {&quot;method&quot;:&quot;xpath&quot;,&quot;selector&quot;:&quot;//h1[contains(text(),&apos;Dashboard1&apos;)]&quot;}&#10;  (Session info: chrome=79.0.3945.88)&#10;For documentation on this error, please visit: https://www.seleniumhq.org/exceptions/no_such_element.html&#10;Build info: version: &apos;3.141.59&apos;, revision: &apos;e82be7d358&apos;, time: &apos;2018-11-14T08:17:03&apos;&#10;System info: host: &apos;LAPTOP-5E3MODR9&apos;, ip: &apos;192.168.0.119&apos;, os.name: &apos;Windows 10&apos;, os.arch: &apos;amd64&apos;, os.version: &apos;10.0&apos;, java.version: &apos;1.8.0_152&apos;&#10;Driver info: org.openqa.selenium.chrome.ChromeDriver&#10;Capabilities {acceptInsecureCerts: false, browserName: chrome, browserVersion: 79.0.3945.88, chrome: {chromedriverVersion: 79.0.3945.36 (3582db32b3389..., userDataDir: C:\Users\BS146TU\AppData\Lo...}, goog:chromeOptions: {debuggerAddress: localhost:53443}, javascriptEnabled: true, networkConnectionEnabled: false, pageLoadStrategy: normal, platform: WINDOWS, platformName: WINDOWS, proxy: Proxy(), setWindowRect: true, strictFileInteractability: false, timeouts: {implicit: 0, pageLoad: 300000, script: 30000}, unhandledPromptBehavior: dismiss and notify}&#10;Session ID: 9d3f9e529d3112af318dded500bd0df3&#10;*** Element info: {Using=xpath, value=//h1[contains(text(),&apos;Dashboard1&apos;)]}" type="org.openqa.selenium.NoSuchElementException">org.openqa.selenium.NoSuchElementException: 
no such element: Unable to locate element: {"method":"xpath","selector":"//h1[contains(text(),'Dashboard1')]"}
  (Session info: chrome=79.0.3945.88)
For documentation on this error, please visit: https://www.seleniumhq.org/exceptions/no_such_element.html
Build info: version: '3.141.59', revision: 'e82be7d358', time: '2018-11-14T08:17:03'
System info: host: 'LAPTOP-5E3MODR9', ip: '192.168.0.119', os.name: 'Windows 10', os.arch: 'amd64', os.version: '10.0', java.version: '1.8.0_152'
Driver info: org.openqa.selenium.chrome.ChromeDriver
Capabilities {acceptInsecureCerts: false, browserName: chrome, browserVersion: 79.0.3945.88, chrome: {chromedriverVersion: 79.0.3945.36 (3582db32b3389..., userDataDir: C:\Users\BS146TU\AppData\Lo...}, goog:chromeOptions: {debuggerAddress: localhost:53443}, javascriptEnabled: true, networkConnectionEnabled: false, pageLoadStrategy: normal, platform: WINDOWS, platformName: WINDOWS, proxy: Proxy(), setWindowRect: true, strictFileInteractability: false, timeouts: {implicit: 0, pageLoad: 300000, script: 30000}, unhandledPromptBehavior: dismiss and notify}
Session ID: 9d3f9e529d3112af318dded500bd0df3
*** Element info: {Using=xpath, value=//h1[contains(text(),'Dashboard1')]}
	at com.Login_TestCase.heading_Dashboard(Login_TestCase.java:230)
</failure>
    <system-out><![CDATA[==============================[--Test_Is_Started--]===============================
[main] INFO  com.Login_TestCase  - Test Started...[TestResult name=heading_Dashboard status=STARTED method=Login_TestCase.heading_Dashboard()[pri:14, instance:com.Login_TestCase@5abca1e0] output={null}]
[____Test_Start____] :-heading_Dashboard
[....Start_Time....] :-Fri Dec 27 16:55:17 IST 2019
==============================[--Test_Is_Failed--]===============================
[main] INFO  com.Login_TestCase  - Test Failed...[TestResult name=heading_Dashboard status=FAILURE method=Login_TestCase.heading_Dashboard()[pri:14, instance:com.Login_TestCase@5abca1e0] output={null}]
[__Test Failure Exception is occured__] : [TestResult name=heading_Dashboard status=FAILURE method=Login_TestCase.heading_Dashboard()[pri:14, instance:com.Login_TestCase@5abca1e0] output={null}]
]]></system-out>
  </testcase>
  <testcase name="click_OnUser" classname="com.Login_TestCase" time="3.525"/>
  <testcase name="getTableData" classname="com.Login_TestCase" time="7.626"/>
  <testcase name="Click_On_AddUser_Btn" classname="com.Login_TestCase" time="2.551"/>
  <testcase name="Fill_Form" classname="com.Login_TestCase" time="14.39"/>
  <testcase name="clickOn_OperatorBtn" classname="com.Login_TestCase" time="10.63"/>
  <testcase name="logOutBtn" classname="com.Login_TestCase" time="0.776"/>
</testsuite>